0 info it worked if it ends with ok
1 verbose cli [ '/Users/rei_m/.nodebrew/node/v0.10.28/bin/node',
1 verbose cli   '/Users/rei_m/.nodebrew/current/bin/npm',
1 verbose cli   'start' ]
2 info using npm@1.4.9
3 info using node@v0.10.28
4 verbose run-script [ 'prestart', 'start', 'poststart' ]
5 info prestart comicManagerApi@0.0.2
6 info start comicManagerApi@0.0.2
7 verbose unsafe-perm in lifecycle true
8 info comicManagerApi@0.0.2 Failed to exec start script
9 error comicManagerApi@0.0.2 start: `node app.js`
9 error Exit status 8
10 error Failed at the comicManagerApi@0.0.2 start script.
10 error This is most likely a problem with the comicManagerApi package,
10 error not with npm itself.
10 error Tell the author that this fails on your system:
10 error     node app.js
10 error You can get their info via:
10 error     npm owner ls comicManagerApi
10 error There is likely additional logging output above.
11 error System Darwin 13.3.0
12 error command "/Users/rei_m/.nodebrew/node/v0.10.28/bin/node" "/Users/rei_m/.nodebrew/current/bin/npm" "start"
13 error cwd /Users/rei_m/Documents/node/comic/api
14 error node -v v0.10.28
15 error npm -v 1.4.9
16 error code ELIFECYCLE
17 verbose exit [ 1, true ]
